<?xml version="1.0" encoding="UTF-8"?>
<!-- Generated by org.testng.reporters.JUnitReportReporter -->
<testsuite skipped="0" hostname="HYDGSI3DQXHR2" name="SkipE.Parameterization" tests="2" failures="0" timestamp="2019-12-23T09:45:00 IST" time="0.007" errors="0">
  <testcase name="testcaseOne" time="0.007" classname="SkipE.Parameterization"/>
  <testcase name="testcaseTwo" time="0.000" classname="SkipE.Parameterization"/>
</testsuite> <!-- SkipE.Parameterization -->
