<?xml version="1.0" encoding="UTF-8"?>
<!-- Generated by org.testng.reporters.JUnitReportReporter -->
<testsuite skipped="0" hostname="HYDGSI3DQXHR2" name="SkipE.AnnotationTng" tests="1" failures="0" timestamp="2020-06-15T11:02:32 IST" time="0.006" errors="0">
  <testcase name="testcase1" time="0.006" classname="SkipE.AnnotationTng"/>
</testsuite> <!-- SkipE.AnnotationTng -->
