<?xml version="1.0" encoding="UTF-8"?>
<!-- Generated by org.testng.reporters.JUnitReportReporter -->
<testsuite skipped="0" hostname="HYDGSI3DQXHR2" name="SkipE.priority" tests="3" failures="0" timestamp="2020-06-17T10:06:18 IST" time="0.011" errors="0">
  <testcase name="A" time="0.009" classname="SkipE.priority"/>
  <testcase name="B" time="0.001" classname="SkipE.priority"/>
  <testcase name="C" time="0.001" classname="SkipE.priority"/>
</testsuite> <!-- SkipE.priority -->
