<?xml version="1.0" encoding="UTF-8"?>
<!-- Generated by org.testng.reporters.JUnitReportReporter -->
<testsuite skipped="0" hostname="HYDGSI3DQXHR2" name="SkipE.Grouping" tests="1" failures="0" timestamp="2020-06-17T21:55:59 IST" time="0.009" errors="0">
  <testcase name="methodtwo" time="0.009" classname="SkipE.Grouping"/>
</testsuite> <!-- SkipE.Grouping -->
