<?xml version="1.0" encoding="UTF-8"?>
<!-- Generated by org.testng.reporters.JUnitReportReporter -->
<testsuite skipped="3" hostname="HYDGSI3DQXHR2" name="SkipE.SkipEnable" tests="4" failures="0" timestamp="2020-06-18T10:50:17 IST" time="0.006" errors="0">
  <testcase name="testmothod2" time="0.006" classname="SkipE.SkipEnable"/>
  <system-out/>
  <testcase name="testmethod3" classname="SkipE.SkipEnable">
    <skipped/>
  </testcase> <!-- testmethod3 -->
  <system-out/>
  <testcase name="testmothod" classname="SkipE.SkipEnable">
    <skipped/>
  </testcase> <!-- testmothod -->
  <system-out/>
  <testcase name="testmethod4" classname="SkipE.SkipEnable">
    <skipped/>
  </testcase> <!-- testmethod4 -->
  <system-out/>
</testsuite> <!-- SkipE.SkipEnable -->
