<?xml version="1.0" encoding="UTF-8"?>
<!-- Generated by org.testng.reporters.JUnitReportReporter -->
<testsuite skipped="0" hostname="HYDGSI3DQXHR2" name="SkipE.DataProvider1" tests="5" failures="0" timestamp="2020-06-19T10:12:10 IST" time="0.010" errors="0">
  <testcase name="test2" time="0.001" classname="SkipE.DataProvider1"/>
  <system-out/>
  <testcase name="test2" time="0.002" classname="SkipE.DataProvider1"/>
  <system-out/>
  <testcase name="test3" time="0.001" classname="SkipE.DataProvider1"/>
  <system-out/>
  <testcase name="test2" time="0.000" classname="SkipE.DataProvider1"/>
  <system-out/>
  <testcase name="test1" time="0.006" classname="SkipE.DataProvider1"/>
  <system-out/>
</testsuite> <!-- SkipE.DataProvider1 -->
