<?xml version="1.0" encoding="UTF-8"?>
<!-- Generated by org.testng.reporters.JUnitReportReporter -->
<testsuite skipped="0" hostname="HYDGSI3DQXHR2" name="SkipE.Exclude" tests="3" failures="0" timestamp="2020-06-18T14:01:14 IST" time="0.000" errors="0">
  <testcase name="testmethod3" time="0.000" classname="SkipE.Exclude"/>
  <system-out/>
  <testcase name="testmothod2" time="0.000" classname="SkipE.Exclude"/>
  <system-out/>
  <testcase name="testmothod1" time="0.000" classname="SkipE.Exclude"/>
  <system-out/>
</testsuite> <!-- SkipE.Exclude -->
